This is pdfTeX, Version 3.14159265-2.6-1.40.16 (TeX Live 2015/TeX Live for SUSE Linux) (preloaded format=pdflatex 2016.11.18)  19 APR 2017 15:57
entering extended mode
 restricted \write18 enabled.
 %&-line parsing enabled.
**R_Scholz_DoktSymp2017.tex
(./R_Scholz_DoktSymp2017.tex
LaTeX2e <2015/01/01> patch level 2
Babel <3.9m> and hyphenation patterns for 79 languages loaded.
(/usr/share/texmf/tex/latex/beamer/beamer.cls
(/usr/share/texmf/tex/latex/beamer/beamerbasercs.sty
Package: beamerbasercs 2015/03/08 (rcs-revision 368aa9ba9d38)
)
Document Class: beamer 2015/01/05 3.36 A class for typesetting presentations (r
cs-revision 8a39122e1f63)
(/usr/share/texmf/tex/latex/beamer/beamerbasemodes.sty
Package: beamerbasemodes 2013/09/03 (rcs-revision 768f2d98ca64)
\beamer@tempbox=\box26
\beamer@tempcount=\count79
\c@beamerpauses=\count80

(/usr/share/texmf/tex/latex/beamer/beamerbasedecode.sty
Package: beamerbasedecode 2010/05/01 (rcs-revision efa082c6111d)
\beamer@slideinframe=\count81
\beamer@minimum=\count82
)
\beamer@commentbox=\box27
\beamer@modecount=\count83
)
(/usr/share/texmf/tex/generic/oberdiek/ifpdf.sty
Package: ifpdf 2011/01/30 v2.3 Provides the ifpdf switch (HO)
Package ifpdf Info: pdfTeX in PDF mode is detected.
)
\headheight=\dimen102
\headdp=\dimen103
\footheight=\dimen104
\sidebarheight=\dimen105
\beamer@tempdim=\dimen106
\beamer@finalheight=\dimen107
\beamer@animht=\dimen108
\beamer@animdp=\dimen109
\beamer@animwd=\dimen110
\beamer@leftmargin=\dimen111
\beamer@rightmargin=\dimen112
\beamer@leftsidebar=\dimen113
\beamer@rightsidebar=\dimen114
\beamer@boxsize=\dimen115
\beamer@vboxoffset=\dimen116
\beamer@descdefault=\dimen117
\beamer@descriptionwidth=\dimen118
\beamer@lastskip=\skip41
\beamer@areabox=\box28
\beamer@animcurrent=\box29
\beamer@animshowbox=\box30
\beamer@sectionbox=\box31
\beamer@logobox=\box32
\beamer@linebox=\box33
\beamer@sectioncount=\count84
\beamer@subsubsectionmax=\count85
\beamer@subsectionmax=\count86
\beamer@sectionmax=\count87
\beamer@totalheads=\count88
\beamer@headcounter=\count89
\beamer@partstartpage=\count90
\beamer@sectionstartpage=\count91
\beamer@subsectionstartpage=\count92
\beamer@animationtempa=\count93
\beamer@animationtempb=\count94
\beamer@xpos=\count95
\beamer@ypos=\count96
\beamer@showpartnumber=\count97
\beamer@currentsubsection=\count98
\beamer@coveringdepth=\count99
\beamer@sectionadjust=\count100
\beamer@tocsectionnumber=\count101

(/usr/share/texmf/tex/latex/beamer/beamerbaseoptions.sty
Package: beamerbaseoptions 2013/03/10 (rcs-revision 47431932db0d)

(/usr/share/texmf/tex/latex/graphics/keyval.sty
Package: keyval 2014/10/28 v1.15 key=value parser (DPC)
\KV@toks@=\toks14
))
\beamer@paperwidth=\skip42
\beamer@paperheight=\skip43

(/usr/share/texmf/tex/latex/geometry/geometry.sty
Package: geometry 2010/09/12 v5.6 Page Geometry

(/usr/share/texmf/tex/generic/oberdiek/ifvtex.sty
Package: ifvtex 2010/03/01 v1.5 Detect VTeX and its facilities (HO)
Package ifvtex Info: VTeX not detected.
)
(/usr/share/texmf/tex/generic/ifxetex/ifxetex.sty
Package: ifxetex 2010/09/12 v0.6 Provides ifxetex conditional
)
\Gm@cnth=\count102
\Gm@cntv=\count103
\c@Gm@tempcnt=\count104
\Gm@bindingoffset=\dimen119
\Gm@wd@mp=\dimen120
\Gm@odd@mp=\dimen121
\Gm@even@mp=\dimen122
\Gm@layoutwidth=\dimen123
\Gm@layoutheight=\dimen124
\Gm@layouthoffset=\dimen125
\Gm@layoutvoffset=\dimen126
\Gm@dimlist=\toks15
)
(/usr/share/texmf/tex/latex/base/size11.clo
File: size11.clo 2014/09/29 v1.4h Standard LaTeX file (size option)
)
(/user/scholz/texmf/tex/latex/pgf/basiclayer/pgfcore.sty
(/usr/share/texmf/tex/latex/graphics/graphicx.sty
Package: graphicx 2014/10/28 v1.0g Enhanced LaTeX Graphics (DPC,SPQR)

(/usr/share/texmf/tex/latex/graphics/graphics.sty
Package: graphics 2014/10/28 v1.0p Standard LaTeX Graphics (DPC,SPQR)

(/usr/share/texmf/tex/latex/graphics/trig.sty
Package: trig 1999/03/16 v1.09 sin cos tan (DPC)
)
(/usr/share/texmf/tex/latex/latexconfig/graphics.cfg
File: graphics.cfg 2010/04/23 v1.9 graphics configuration of TeX Live
)
Package graphics Info: Driver file: pdftex.def on input line 94.

(/usr/share/texmf/tex/latex/pdftex-def/pdftex.def
File: pdftex.def 2011/05/27 v0.06d Graphics/color for pdfTeX

(/usr/share/texmf/tex/generic/oberdiek/infwarerr.sty
Package: infwarerr 2010/04/08 v1.3 Providing info/warning/error messages (HO)
)
(/usr/share/texmf/tex/generic/oberdiek/ltxcmds.sty
Package: ltxcmds 2011/11/09 v1.22 LaTeX kernel commands for general use (HO)
)
\Gread@gobject=\count105
))
\Gin@req@height=\dimen127
\Gin@req@width=\dimen128
)
(/user/scholz/texmf/tex/latex/pgf/systemlayer/pgfsys.sty
(/user/scholz/texmf/tex/latex/pgf/utilities/pgfrcs.sty
(/user/scholz/texmf/tex/generic/pgf/utilities/pgfutil-common.tex
\pgfutil@everybye=\toks16
\pgfutil@tempdima=\dimen129
\pgfutil@tempdimb=\dimen130

(/user/scholz/texmf/tex/generic/pgf/utilities/pgfutil-common-lists.tex))
(/user/scholz/texmf/tex/generic/pgf/utilities/pgfutil-latex.def
\pgfutil@abb=\box34

(/usr/share/texmf/tex/latex/ms/everyshi.sty
Package: everyshi 2001/05/15 v3.00 EveryShipout Package (MS)
))
(/user/scholz/texmf/tex/generic/pgf/utilities/pgfrcs.code.tex
Package: pgfrcs 2015/08/07 v3.0.1a (rcs-revision 1.31)
))
(/user/scholz/texmf/tex/generic/pgf/systemlayer/pgfsys.code.tex
Package: pgfsys 2014/07/09 v3.0.1a (rcs-revision 1.48)

(/user/scholz/texmf/tex/generic/pgf/utilities/pgfkeys.code.tex
\pgfkeys@pathtoks=\toks17
\pgfkeys@temptoks=\toks18

(/user/scholz/texmf/tex/generic/pgf/utilities/pgfkeysfiltered.code.tex
\pgfkeys@tmptoks=\toks19
))
\pgf@x=\dimen131
\pgf@y=\dimen132
\pgf@xa=\dimen133
\pgf@ya=\dimen134
\pgf@xb=\dimen135
\pgf@yb=\dimen136
\pgf@xc=\dimen137
\pgf@yc=\dimen138
\w@pgf@writea=\write3
\r@pgf@reada=\read1
\c@pgf@counta=\count106
\c@pgf@countb=\count107
\c@pgf@countc=\count108
\c@pgf@countd=\count109
\t@pgf@toka=\toks20
\t@pgf@tokb=\toks21
\t@pgf@tokc=\toks22

(/user/scholz/texmf/tex/generic/pgf/systemlayer/pgf.cfg
File: pgf.cfg 2008/05/14  (rcs-revision 1.7)
)
Driver file for pgf: pgfsys-pdftex.def

(/user/scholz/texmf/tex/generic/pgf/systemlayer/pgfsys-pdftex.def
File: pgfsys-pdftex.def 2014/10/11  (rcs-revision 1.35)

(/user/scholz/texmf/tex/generic/pgf/systemlayer/pgfsys-common-pdf.def
File: pgfsys-common-pdf.def 2013/10/10  (rcs-revision 1.13)
)))
(/user/scholz/texmf/tex/generic/pgf/systemlayer/pgfsyssoftpath.code.tex
File: pgfsyssoftpath.code.tex 2013/09/09  (rcs-revision 1.9)
\pgfsyssoftpath@smallbuffer@items=\count110
\pgfsyssoftpath@bigbuffer@items=\count111
)
(/user/scholz/texmf/tex/generic/pgf/systemlayer/pgfsysprotocol.code.tex
File: pgfsysprotocol.code.tex 2006/10/16  (rcs-revision 1.4)
))
(/usr/share/texmf/tex/latex/xcolor/xcolor.sty
Package: xcolor 2007/01/21 v2.11 LaTeX color extensions (UK)

(/usr/share/texmf/tex/latex/latexconfig/color.cfg
File: color.cfg 2007/01/18 v1.5 color configuration of teTeX/TeXLive
)
Package xcolor Info: Driver file: pdftex.def on input line 225.
Package xcolor Info: Model `cmy' substituted by `cmy0' on input line 1337.
Package xcolor Info: Model `hsb' substituted by `rgb' on input line 1341.
Package xcolor Info: Model `RGB' extended on input line 1353.
Package xcolor Info: Model `HTML' substituted by `rgb' on input line 1355.
Package xcolor Info: Model `Hsb' substituted by `hsb' on input line 1356.
Package xcolor Info: Model `tHsb' substituted by `hsb' on input line 1357.
Package xcolor Info: Model `HSB' substituted by `hsb' on input line 1358.
Package xcolor Info: Model `Gray' substituted by `gray' on input line 1359.
Package xcolor Info: Model `wave' substituted by `hsb' on input line 1360.
)
(/user/scholz/texmf/tex/generic/pgf/basiclayer/pgfcore.code.tex
Package: pgfcore 2010/04/11 v3.0.1a (rcs-revision 1.7)

(/user/scholz/texmf/tex/generic/pgf/math/pgfmath.code.tex
(/user/scholz/texmf/tex/generic/pgf/math/pgfmathcalc.code.tex
(/user/scholz/texmf/tex/generic/pgf/math/pgfmathutil.code.tex)
(/user/scholz/texmf/tex/generic/pgf/math/pgfmathparser.code.tex
\pgfmath@dimen=\dimen139
\pgfmath@count=\count112
\pgfmath@box=\box35
\pgfmath@toks=\toks23
\pgfmath@stack@operand=\toks24
\pgfmath@stack@operation=\toks25
)
(/user/scholz/texmf/tex/generic/pgf/math/pgfmathfunctions.code.tex
(/user/scholz/texmf/tex/generic/pgf/math/pgfmathfunctions.basic.code.tex)
(/user/scholz/texmf/tex/generic/pgf/math/pgfmathfunctions.trigonometric.code.te
x) (/user/scholz/texmf/tex/generic/pgf/math/pgfmathfunctions.random.code.tex)
(/user/scholz/texmf/tex/generic/pgf/math/pgfmathfunctions.comparison.code.tex)
(/user/scholz/texmf/tex/generic/pgf/math/pgfmathfunctions.base.code.tex)
(/user/scholz/texmf/tex/generic/pgf/math/pgfmathfunctions.round.code.tex)
(/user/scholz/texmf/tex/generic/pgf/math/pgfmathfunctions.misc.code.tex)
(/user/scholz/texmf/tex/generic/pgf/math/pgfmathfunctions.integerarithmetics.co
de.tex))) (/user/scholz/texmf/tex/generic/pgf/math/pgfmathfloat.code.tex
\c@pgfmathroundto@lastzeros=\count113
))
(/user/scholz/texmf/tex/generic/pgf/basiclayer/pgfcorepoints.code.tex
File: pgfcorepoints.code.tex 2013/10/07  (rcs-revision 1.27)
\pgf@picminx=\dimen140
\pgf@picmaxx=\dimen141
\pgf@picminy=\dimen142
\pgf@picmaxy=\dimen143
\pgf@pathminx=\dimen144
\pgf@pathmaxx=\dimen145
\pgf@pathminy=\dimen146
\pgf@pathmaxy=\dimen147
\pgf@xx=\dimen148
\pgf@xy=\dimen149
\pgf@yx=\dimen150
\pgf@yy=\dimen151
\pgf@zx=\dimen152
\pgf@zy=\dimen153
)
(/user/scholz/texmf/tex/generic/pgf/basiclayer/pgfcorepathconstruct.code.tex
File: pgfcorepathconstruct.code.tex 2013/10/07  (rcs-revision 1.29)
\pgf@path@lastx=\dimen154
\pgf@path@lasty=\dimen155
)
(/user/scholz/texmf/tex/generic/pgf/basiclayer/pgfcorepathusage.code.tex
File: pgfcorepathusage.code.tex 2014/11/02  (rcs-revision 1.24)
\pgf@shorten@end@additional=\dimen156
\pgf@shorten@start@additional=\dimen157
)
(/user/scholz/texmf/tex/generic/pgf/basiclayer/pgfcorescopes.code.tex
File: pgfcorescopes.code.tex 2015/05/08  (rcs-revision 1.46)
\pgfpic=\box36
\pgf@hbox=\box37
\pgf@layerbox@main=\box38
\pgf@picture@serial@count=\count114
)
(/user/scholz/texmf/tex/generic/pgf/basiclayer/pgfcoregraphicstate.code.tex
File: pgfcoregraphicstate.code.tex 2014/11/02  (rcs-revision 1.12)
\pgflinewidth=\dimen158
)
(/user/scholz/texmf/tex/generic/pgf/basiclayer/pgfcoretransformations.code.tex
File: pgfcoretransformations.code.tex 2015/08/07  (rcs-revision 1.20)
\pgf@pt@x=\dimen159
\pgf@pt@y=\dimen160
\pgf@pt@temp=\dimen161
) (/user/scholz/texmf/tex/generic/pgf/basiclayer/pgfcorequick.code.tex
File: pgfcorequick.code.tex 2008/10/09  (rcs-revision 1.3)
)
(/user/scholz/texmf/tex/generic/pgf/basiclayer/pgfcoreobjects.code.tex
File: pgfcoreobjects.code.tex 2006/10/11  (rcs-revision 1.2)
)
(/user/scholz/texmf/tex/generic/pgf/basiclayer/pgfcorepathprocessing.code.tex
File: pgfcorepathprocessing.code.tex 2013/09/09  (rcs-revision 1.9)
)
(/user/scholz/texmf/tex/generic/pgf/basiclayer/pgfcorearrows.code.tex
File: pgfcorearrows.code.tex 2015/05/14  (rcs-revision 1.43)
\pgfarrowsep=\dimen162
)
(/user/scholz/texmf/tex/generic/pgf/basiclayer/pgfcoreshade.code.tex
File: pgfcoreshade.code.tex 2013/07/15  (rcs-revision 1.15)
\pgf@max=\dimen163
\pgf@sys@shading@range@num=\count115
)
(/user/scholz/texmf/tex/generic/pgf/basiclayer/pgfcoreimage.code.tex
File: pgfcoreimage.code.tex 2013/07/15  (rcs-revision 1.18)

(/user/scholz/texmf/tex/generic/pgf/basiclayer/pgfcoreexternal.code.tex
File: pgfcoreexternal.code.tex 2014/07/09  (rcs-revision 1.21)
\pgfexternal@startupbox=\box39
))
(/user/scholz/texmf/tex/generic/pgf/basiclayer/pgfcorelayers.code.tex
File: pgfcorelayers.code.tex 2013/07/18  (rcs-revision 1.7)
)
(/user/scholz/texmf/tex/generic/pgf/basiclayer/pgfcoretransparency.code.tex
File: pgfcoretransparency.code.tex 2013/09/30  (rcs-revision 1.5)
)
(/user/scholz/texmf/tex/generic/pgf/basiclayer/pgfcorepatterns.code.tex
File: pgfcorepatterns.code.tex 2013/11/07  (rcs-revision 1.5)
)))
(/user/scholz/texmf/tex/latex/pgf/utilities/xxcolor.sty
Package: xxcolor 2003/10/24 ver 0.1
\XC@nummixins=\count116
\XC@countmixins=\count117
)
(/usr/share/texmf/tex/generic/oberdiek/atbegshi.sty
Package: atbegshi 2011/10/05 v1.16 At begin shipout hook (HO)
)
(/usr/share/texmf/tex/latex/hyperref/hyperref.sty
Package: hyperref 2012/11/06 v6.83m Hypertext links for LaTeX

(/usr/share/texmf/tex/generic/oberdiek/hobsub-hyperref.sty
Package: hobsub-hyperref 2012/05/28 v1.13 Bundle oberdiek, subset hyperref (HO)


(/usr/share/texmf/tex/generic/oberdiek/hobsub-generic.sty
Package: hobsub-generic 2012/05/28 v1.13 Bundle oberdiek, subset generic (HO)
Package: hobsub 2012/05/28 v1.13 Construct package bundles (HO)
Package hobsub Info: Skipping package `infwarerr' (already loaded).
Package hobsub Info: Skipping package `ltxcmds' (already loaded).
Package: ifluatex 2010/03/01 v1.3 Provides the ifluatex switch (HO)
Package ifluatex Info: LuaTeX not detected.
Package hobsub Info: Skipping package `ifvtex' (already loaded).
Package: intcalc 2007/09/27 v1.1 Expandable calculations with integers (HO)
Package hobsub Info: Skipping package `ifpdf' (already loaded).
Package: etexcmds 2011/02/16 v1.5 Avoid name clashes with e-TeX commands (HO)
Package etexcmds Info: Could not find \expanded.
(etexcmds)             That can mean that you are not using pdfTeX 1.50 or
(etexcmds)             that some package has redefined \expanded.
(etexcmds)             In the latter case, load this package earlier.
Package: kvsetkeys 2012/04/25 v1.16 Key value parser (HO)
Package: kvdefinekeys 2011/04/07 v1.3 Define keys (HO)
Package: pdftexcmds 2011/11/29 v0.20 Utility functions of pdfTeX for LuaTeX (HO
)
Package pdftexcmds Info: LuaTeX not detected.
Package pdftexcmds Info: \pdf@primitive is available.
Package pdftexcmds Info: \pdf@ifprimitive is available.
Package pdftexcmds Info: \pdfdraftmode found.
Package: pdfescape 2011/11/25 v1.13 Implements pdfTeX's escape features (HO)
Package: bigintcalc 2012/04/08 v1.3 Expandable calculations on big integers (HO
)
Package: bitset 2011/01/30 v1.1 Handle bit-vector datatype (HO)
Package: uniquecounter 2011/01/30 v1.2 Provide unlimited unique counter (HO)
)
Package hobsub Info: Skipping package `hobsub' (already loaded).
Package: letltxmacro 2010/09/02 v1.4 Let assignment for LaTeX macros (HO)
Package: hopatch 2012/05/28 v1.2 Wrapper for package hooks (HO)
Package: xcolor-patch 2011/01/30 xcolor patch
Package: atveryend 2011/06/30 v1.8 Hooks at the very end of document (HO)
Package atveryend Info: \enddocument detected (standard20110627).
Package hobsub Info: Skipping package `atbegshi' (already loaded).
Package: refcount 2011/10/16 v3.4 Data extraction from label references (HO)
Package: hycolor 2011/01/30 v1.7 Color options for hyperref/bookmark (HO)
)
(/usr/share/texmf/tex/latex/oberdiek/auxhook.sty
Package: auxhook 2011/03/04 v1.3 Hooks for auxiliary files (HO)
)
(/usr/share/texmf/tex/latex/oberdiek/kvoptions.sty
Package: kvoptions 2011/06/30 v3.11 Key value format for package options (HO)
)
\@linkdim=\dimen164
\Hy@linkcounter=\count118
\Hy@pagecounter=\count119

(/usr/share/texmf/tex/latex/hyperref/pd1enc.def
File: pd1enc.def 2012/11/06 v6.83m Hyperref: PDFDocEncoding definition (HO)
)
\Hy@SavedSpaceFactor=\count120

(/usr/share/texmf/tex/latex/latexconfig/hyperref.cfg
File: hyperref.cfg 2002/06/06 v1.2 hyperref configuration of TeXLive
)
Package hyperref Info: Option `bookmarks' set `true' on input line 4319.
Package hyperref Info: Option `bookmarksopen' set `true' on input line 4319.
Package hyperref Info: Option `implicit' set `false' on input line 4319.
Package hyperref Info: Hyper figures OFF on input line 4443.
Package hyperref Info: Link nesting OFF on input line 4448.
Package hyperref Info: Hyper index ON on input line 4451.
Package hyperref Info: Plain pages OFF on input line 4458.
Package hyperref Info: Backreferencing OFF on input line 4463.
Package hyperref Info: Implicit mode OFF; no redefinition of LaTeX internals.
Package hyperref Info: Bookmarks ON on input line 4688.
\c@Hy@tempcnt=\count121

(/usr/share/texmf/tex/latex/url/url.sty
\Urlmuskip=\muskip10
Package: url 2013/09/16  ver 3.4  Verb mode for urls, etc.
)
LaTeX Info: Redefining \url on input line 5041.
\XeTeXLinkMargin=\dimen165
\Fld@menulength=\count122
\Field@Width=\dimen166
\Fld@charsize=\dimen167
Package hyperref Info: Hyper figures OFF on input line 6295.
Package hyperref Info: Link nesting OFF on input line 6300.
Package hyperref Info: Hyper index ON on input line 6303.
Package hyperref Info: backreferencing OFF on input line 6310.
Package hyperref Info: Link coloring OFF on input line 6315.
Package hyperref Info: Link coloring with OCG OFF on input line 6320.
Package hyperref Info: PDF/A mode OFF on input line 6325.
LaTeX Info: Redefining \ref on input line 6365.
LaTeX Info: Redefining \pageref on input line 6369.
\Hy@abspage=\count123


Package hyperref Message: Stopped early.

)

Package hyperref Message: Driver (autodetected): hpdftex.

(/usr/share/texmf/tex/latex/hyperref/hpdftex.def
File: hpdftex.def 2012/11/06 v6.83m Hyperref driver for pdfTeX
\Fld@listcount=\count124
\c@bookmark@seq@number=\count125

(/usr/share/texmf/tex/latex/oberdiek/rerunfilecheck.sty
Package: rerunfilecheck 2011/04/15 v1.7 Rerun checks for auxiliary files (HO)
Package uniquecounter Info: New unique counter `rerunfilecheck' on input line 2
82.
))
(/usr/share/texmf/tex/latex/beamer/beamerbaserequires.sty
Package: beamerbaserequires 2010/05/01  (rcs-revision efa082c6111d)

(/usr/share/texmf/tex/latex/beamer/beamerbasecompatibility.sty
Package: beamerbasecompatibility 2012/05/01  (rcs-revision 67c48b3b652d)
)
(/usr/share/texmf/tex/latex/beamer/beamerbasefont.sty
Package: beamerbasefont 2015/01/05  (rcs-revision b4b4bee242e2)

(/usr/share/texmf/tex/latex/amsfonts/amssymb.sty
Package: amssymb 2013/01/14 v3.01 AMS font symbols

(/usr/share/texmf/tex/latex/amsfonts/amsfonts.sty
Package: amsfonts 2013/01/14 v3.01 Basic AMSFonts support
\@emptytoks=\toks26
\symAMSa=\mathgroup4
\symAMSb=\mathgroup5
LaTeX Font Info:    Overwriting math alphabet `\mathfrak' in version `bold'
(Font)                  U/euf/m/n --> U/euf/b/n on input line 106.
)))
(/usr/share/texmf/tex/latex/beamer/beamerbasetranslator.sty
Package: beamerbasetranslator 2010/06/11  (rcs-revision 85fd1cc7fc42)

(/usr/share/texmf/tex/latex/beamer/translator/translator.sty
Package: translator 2010/06/12 ver 1.10

(/usr/share/texmf/tex/latex/beamer/translator/translator-language-mappings.tex)
)) (/usr/share/texmf/tex/latex/beamer/beamerbasemisc.sty
Package: beamerbasemisc 2013/09/03  (rcs-revision a55719c41d85)
)
(/usr/share/texmf/tex/latex/beamer/beamerbasetwoscreens.sty
Package: beamerbasetwoscreens 2010/05/01  (rcs-revision efa082c6111d)
)
(/usr/share/texmf/tex/latex/beamer/beamerbaseoverlay.sty
Package: beamerbaseoverlay 2013/12/25  (rcs-revision f6bd5e3805da)
\beamer@argscount=\count126
\beamer@lastskipcover=\skip44
\beamer@trivlistdepth=\count127
)
(/usr/share/texmf/tex/latex/beamer/beamerbasetitle.sty
Package: beamerbasetitle 2010/09/21  (rcs-revision f0446ed0b6ae)
)
(/usr/share/texmf/tex/latex/beamer/beamerbasesection.sty
Package: beamerbasesection 2013/06/07  (rcs-revision 60b9fe0f342f)
\c@lecture=\count128
\c@part=\count129
\c@section=\count130
\c@subsection=\count131
\c@subsubsection=\count132
)
(/usr/share/texmf/tex/latex/beamer/beamerbaseframe.sty
Package: beamerbaseframe 2014/02/20  (rcs-revision 4b8ceeeff434)
\beamer@framebox=\box40
\beamer@frametitlebox=\box41
\beamer@zoombox=\box42
\beamer@zoomcount=\count133
\beamer@zoomframecount=\count134
\beamer@frametextheight=\dimen168
\c@subsectionslide=\count135
\beamer@frametopskip=\skip45
\beamer@framebottomskip=\skip46
\beamer@frametopskipautobreak=\skip47
\beamer@framebottomskipautobreak=\skip48
\beamer@envbody=\toks27
\framewidth=\dimen169
\c@framenumber=\count136
)
(/usr/share/texmf/tex/latex/beamer/beamerbaseverbatim.sty
Package: beamerbaseverbatim 2015/01/05  (rcs-revision 431510bb5890)
\beamer@verbatimfileout=\write4
)
(/usr/share/texmf/tex/latex/beamer/beamerbaseframesize.sty
Package: beamerbaseframesize 2011/09/12  (rcs-revision 70f9d8411e54)
\beamer@splitbox=\box43
\beamer@autobreakcount=\count137
\beamer@autobreaklastheight=\dimen170
\beamer@frametitletoks=\toks28
\beamer@framesubtitletoks=\toks29
)
(/usr/share/texmf/tex/latex/beamer/beamerbaseframecomponents.sty
Package: beamerbaseframecomponents 2013/10/18  (rcs-revision 5cf6c5555a45)
\beamer@footins=\box44
)
(/usr/share/texmf/tex/latex/beamer/beamerbasecolor.sty
Package: beamerbasecolor 2015/02/21  (rcs-revision d944b04ee2d5)
)
(/usr/share/texmf/tex/latex/beamer/beamerbasenotes.sty
Package: beamerbasenotes 2012/12/19  (rcs-revision 1686da3db3c9)
\beamer@frameboxcopy=\box45
)
(/usr/share/texmf/tex/latex/beamer/beamerbasetoc.sty
Package: beamerbasetoc 2015/03/08  (rcs-revision 7270298bbaae)
)
(/usr/share/texmf/tex/latex/beamer/beamerbasetemplates.sty
Package: beamerbasetemplates 2010/05/01  (rcs-revision efa082c6111d)
\beamer@sbttoks=\toks30

(/usr/share/texmf/tex/latex/beamer/beamerbaseauxtemplates.sty
Package: beamerbaseauxtemplates 2014/06/30  (rcs-revision 580088513a67)

(/usr/share/texmf/tex/latex/beamer/beamerbaseboxes.sty
Package: beamerbaseboxes 2012/05/13  (rcs-revision 56972908a390)
\bmb@box=\box46
\bmb@colorbox=\box47
\bmb@boxshadow=\box48
\bmb@boxshadowball=\box49
\bmb@boxshadowballlarge=\box50
\bmb@temp=\dimen171
\bmb@dima=\dimen172
\bmb@dimb=\dimen173
\bmb@prevheight=\dimen174
)
\beamer@blockheadheight=\dimen175
))
(/usr/share/texmf/tex/latex/beamer/beamerbaselocalstructure.sty
Package: beamerbaselocalstructure 2014/09/10  (rcs-revision 393f6dcff371)

(/usr/share/texmf/tex/latex/tools/enumerate.sty
Package: enumerate 2014/10/28 v3.00 enumerate extensions (DPC)
\@enLab=\toks31
)
\c@figure=\count138
\c@table=\count139
\abovecaptionskip=\skip49
\belowcaptionskip=\skip50
)
(/usr/share/texmf/tex/latex/beamer/beamerbasenavigation.sty
Package: beamerbasenavigation 2015/02/27  (rcs-revision 923f4bf87efa)
\beamer@section@min@dim=\dimen176
)
(/usr/share/texmf/tex/latex/beamer/beamerbasetheorems.sty
Package: beamerbasetheorems 2010/06/06  (rcs-revision 7e7cc5e53e9d)

(/usr/share/texmf/tex/latex/amsmath/amsmath.sty
Package: amsmath 2013/01/14 v2.14 AMS math features
\@mathmargin=\skip51

For additional information on amsmath, use the `?' option.
(/usr/share/texmf/tex/latex/amsmath/amstext.sty
Package: amstext 2000/06/29 v2.01

(/usr/share/texmf/tex/latex/amsmath/amsgen.sty
File: amsgen.sty 1999/11/30 v2.0
\@emptytoks=\toks32
\ex@=\dimen177
))
(/usr/share/texmf/tex/latex/amsmath/amsbsy.sty
Package: amsbsy 1999/11/29 v1.2d
\pmbraise@=\dimen178
)
(/usr/share/texmf/tex/latex/amsmath/amsopn.sty
Package: amsopn 1999/12/14 v2.01 operator names
)
\inf@bad=\count140
LaTeX Info: Redefining \frac on input line 210.
\uproot@=\count141
\leftroot@=\count142
LaTeX Info: Redefining \overline on input line 306.
\classnum@=\count143
\DOTSCASE@=\count144
LaTeX Info: Redefining \ldots on input line 378.
LaTeX Info: Redefining \dots on input line 381.
LaTeX Info: Redefining \cdots on input line 466.
\Mathstrutbox@=\box51
\strutbox@=\box52
\big@size=\dimen179
LaTeX Font Info:    Redeclaring font encoding OML on input line 566.
LaTeX Font Info:    Redeclaring font encoding OMS on input line 567.
\macc@depth=\count145
\c@MaxMatrixCols=\count146
\dotsspace@=\muskip11
\c@parentequation=\count147
\dspbrk@lvl=\count148
\tag@help=\toks33
\row@=\count149
\column@=\count150
\maxfields@=\count151
\andhelp@=\toks34
\eqnshift@=\dimen180
\alignsep@=\dimen181
\tagshift@=\dimen182
\tagwidth@=\dimen183
\totwidth@=\dimen184
\lineht@=\dimen185
\@envbody=\toks35
\multlinegap=\skip52
\multlinetaggap=\skip53
\mathdisplay@stack=\toks36
LaTeX Info: Redefining \[ on input line 2665.
LaTeX Info: Redefining \] on input line 2666.
)
(/usr/share/texmf/tex/latex/amscls/amsthm.sty
Package: amsthm 2015/03/04 v2.20.2
\thm@style=\toks37
\thm@bodyfont=\toks38
\thm@headfont=\toks39
\thm@notefont=\toks40
\thm@headpunct=\toks41
\thm@preskip=\skip54
\thm@postskip=\skip55
\thm@headsep=\skip56
\dth@everypar=\toks42
)
\c@theorem=\count152
)
(/usr/share/texmf/tex/latex/beamer/beamerbasethemes.sty
Package: beamerbasethemes 2010/05/01  (rcs-revision efa082c6111d)
))
(/usr/share/texmf/tex/latex/beamer/themes/theme/beamerthemedefault.sty
Package: beamerthemedefault 2010/06/17  (rcs-revision d02a7cf4d8ae)

(/usr/share/texmf/tex/latex/beamer/themes/font/beamerfontthemedefault.sty
Package: beamerfontthemedefault 2012/12/19  (rcs-revision 1686da3db3c9)
)
(/usr/share/texmf/tex/latex/beamer/themes/color/beamercolorthemedefault.sty
Package: beamercolorthemedefault 2012/12/19  (rcs-revision 1686da3db3c9)
)
(/usr/share/texmf/tex/latex/beamer/themes/inner/beamerinnerthemedefault.sty
Package: beamerinnerthemedefault 2014/06/30  (rcs-revision 580088513a67)
\beamer@dima=\dimen186
\beamer@dimb=\dimen187
)
(/usr/share/texmf/tex/latex/beamer/themes/outer/beamerouterthemedefault.sty
Package: beamerouterthemedefault 2012/12/19  (rcs-revision 1686da3db3c9)
)))
(/usr/share/texmf/tex/latex/beamer/themes/theme/beamerthemeFrankfurt.sty
Package: beamerthemeFrankfurt 2010/06/17  (rcs-revision d02a7cf4d8ae)

(/usr/share/texmf/tex/latex/beamer/themes/outer/beamerouterthemesmoothbars.sty
Package: beamerouterthemesmoothbars 2010/06/17  (rcs-revision d02a7cf4d8ae)
) (/usr/share/texmf/tex/latex/beamer/themes/inner/beamerinnerthemerounded.sty
Package: beamerinnerthemerounded 2010/06/17  (rcs-revision d02a7cf4d8ae)
)
(/usr/share/texmf/tex/latex/beamer/themes/color/beamercolorthemeorchid.sty
Package: beamercolorthemeorchid 2010/06/17  (rcs-revision d02a7cf4d8ae)
)
(/usr/share/texmf/tex/latex/beamer/themes/color/beamercolorthemewhale.sty
Package: beamercolorthemewhale 2010/06/17  (rcs-revision d02a7cf4d8ae)
))
(/usr/share/texmf/tex/generic/babel/babel.sty
Package: babel 2015/08/03 3.9m The Babel package

(/usr/share/texmf/tex/generic/babel-german/german.ldf
Language: german 2014/10/10 v2.7b German support for babel (traditional orthogr
aphy)

(/usr/share/texmf/tex/generic/babel-german/germanb.ldf
Language: germanb 2014/10/10 v2.7b German support for babel (traditional orthog
raphy)

(/usr/share/texmf/tex/generic/babel/babel.def
File: babel.def 2015/08/03 3.9m Babel common definitions
\babel@savecnt=\count153
\U@D=\dimen188
LaTeX Info: Redefining \textlatin on input line 1431.
)
\l@austrian = a dialect from \language\l@german 
Package babel Info: Making " an active character on input line 110.
)))
(/usr/share/texmf/tex/latex/base/inputenc.sty
Package: inputenc 2015/03/17 v1.2c Input encoding file
\inpenc@prehook=\toks43
\inpenc@posthook=\toks44

(/usr/share/texmf/tex/latex/base/latin1.def
File: latin1.def 2015/03/17 v1.2c Input encoding file
))
(/usr/share/texmf/tex/latex/psnfss/times.sty
Package: times 2005/04/12 PSNFSS-v9.2a (SPQR) 
)
(/usr/share/texmf/tex/latex/base/fontenc.sty
Package: fontenc 2005/09/27 v1.99g Standard LaTeX package

(/usr/share/texmf/tex/latex/base/t1enc.def
File: t1enc.def 2005/09/27 v1.99g Standard LaTeX file
LaTeX Font Info:    Redeclaring font encoding T1 on input line 48.
))
(/usr/share/texmf/tex/latex/booktabs/booktabs.sty
Package: booktabs 2005/04/14 v1.61803 publication quality tables
\heavyrulewidth=\dimen189
\lightrulewidth=\dimen190
\cmidrulewidth=\dimen191
\belowrulesep=\dimen192
\belowbottomsep=\dimen193
\aboverulesep=\dimen194
\abovetopsep=\dimen195
\cmidrulesep=\dimen196
\cmidrulekern=\dimen197
\defaultaddspace=\dimen198
\@cmidla=\count154
\@cmidlb=\count155
\@aboverulesep=\dimen199
\@belowrulesep=\dimen200
\@thisruleclass=\count156
\@lastruleclass=\count157
\@thisrulewidth=\dimen201
)
(/usr/share/texmf/tex/latex/multirow/multirow.sty
\bigstrutjot=\dimen202
) (./R_Scholz_DoktSymp2017.aux)
\openout1 = `R_Scholz_DoktSymp2017.aux'.

LaTeX Font Info:    Checking defaults for OML/cmm/m/it on input line 115.
LaTeX Font Info:    ... okay on input line 115.
LaTeX Font Info:    Checking defaults for T1/cmr/m/n on input line 115.
LaTeX Font Info:    ... okay on input line 115.
LaTeX Font Info:    Checking defaults for OT1/cmr/m/n on input line 115.
LaTeX Font Info:    ... okay on input line 115.
LaTeX Font Info:    Checking defaults for OMS/cmsy/m/n on input line 115.
LaTeX Font Info:    ... okay on input line 115.
LaTeX Font Info:    Checking defaults for OMX/cmex/m/n on input line 115.
LaTeX Font Info:    ... okay on input line 115.
LaTeX Font Info:    Checking defaults for U/cmr/m/n on input line 115.
LaTeX Font Info:    ... okay on input line 115.
LaTeX Font Info:    Checking defaults for PD1/pdf/m/n on input line 115.
LaTeX Font Info:    ... okay on input line 115.
LaTeX Font Info:    Try loading font information for T1+phv on input line 115.
 (/usr/share/texmf/tex/latex/psnfss/t1phv.fd
File: t1phv.fd 2001/06/04 scalable font definitions for T1/phv.
)
*geometry* driver: auto-detecting
*geometry* detected driver: pdftex
*geometry* verbose mode - [ preamble ] result:
* driver: pdftex
* paper: custom
* layout: <same size as paper>
* layoutoffset:(h,v)=(0.0pt,0.0pt)
* modes: includehead includefoot 
* h-part:(L,W,R)=(28.45274pt, 307.28987pt, 28.45274pt)
* v-part:(T,H,B)=(0.0pt, 273.14662pt, 0.0pt)
* \paperwidth=364.19536pt
* \paperheight=273.14662pt
* \textwidth=307.28987pt
* \textheight=244.6939pt
* \oddsidemargin=-43.81725pt
* \evensidemargin=-43.81725pt
* \topmargin=-72.26999pt
* \headheight=14.22636pt
* \headsep=0.0pt
* \topskip=11.0pt
* \footskip=14.22636pt
* \marginparwidth=4.0pt
* \marginparsep=10.0pt
* \columnsep=10.0pt
* \skip\footins=10.0pt plus 4.0pt minus 2.0pt
* \hoffset=0.0pt
* \voffset=0.0pt
* \mag=1000
* \@twocolumnfalse
* \@twosidefalse
* \@mparswitchfalse
* \@reversemarginfalse
* (1in=72.27pt=25.4mm, 1cm=28.453pt)

(/usr/share/texmf/tex/context/base/supp-pdf.mkii
[Loading MPS to PDF converter (version 2006.09.02).]
\scratchcounter=\count158
\scratchdimen=\dimen203
\scratchbox=\box53
\nofMPsegments=\count159
\nofMParguments=\count160
\everyMPshowfont=\toks45
\MPscratchCnt=\count161
\MPscratchDim=\dimen204
\MPnumerator=\count162
\makeMPintoPDFobject=\count163
\everyMPtoPDFconversion=\toks46
) (/usr/share/texmf/tex/latex/oberdiek/epstopdf-base.sty
Package: epstopdf-base 2010/02/09 v2.5 Base part for package epstopdf

(/usr/share/texmf/tex/latex/oberdiek/grfext.sty
Package: grfext 2010/08/19 v1.1 Manage graphics extensions (HO)
)
Package grfext Info: Graphics extension search list:
(grfext)             [.png,.pdf,.jpg,.mps,.jpeg,.jbig2,.jb2,.PNG,.PDF,.JPG,.JPE
G,.JBIG2,.JB2,.eps]
(grfext)             \AppendGraphicsExtensions on input line 452.

(/usr/share/texmf/tex/latex/latexconfig/epstopdf-sys.cfg
File: epstopdf-sys.cfg 2010/07/13 v1.3 Configuration of (r)epstopdf for TeX Liv
e
))
ABD: EveryShipout initializing macros
\AtBeginShipoutBox=\box54
Package hyperref Info: Link coloring OFF on input line 115.

(/usr/share/texmf/tex/latex/hyperref/nameref.sty
Package: nameref 2012/10/27 v2.43 Cross-referencing by name of section

(/usr/share/texmf/tex/generic/oberdiek/gettitlestring.sty
Package: gettitlestring 2010/12/03 v1.4 Cleanup title references (HO)
)
\c@section@level=\count164
)
LaTeX Info: Redefining \ref on input line 115.
LaTeX Info: Redefining \pageref on input line 115.
LaTeX Info: Redefining \nameref on input line 115.

(./R_Scholz_DoktSymp2017.out) (./R_Scholz_DoktSymp2017.out)
\@outlinefile=\write5
\openout5 = `R_Scholz_DoktSymp2017.out'.

LaTeX Font Info:    Overwriting symbol font `operators' in version `normal'
(Font)                  OT1/cmr/m/n --> OT1/cmss/m/n on input line 115.
LaTeX Font Info:    Overwriting symbol font `operators' in version `bold'
(Font)                  OT1/cmr/bx/n --> OT1/cmss/bx/n on input line 115.
\symnumbers=\mathgroup6
\sympureletters=\mathgroup7
LaTeX Font Info:    Overwriting math alphabet `\mathrm' in version `normal'
(Font)                  OT1/cmss/m/n --> T1/ptm/m/n on input line 115.
LaTeX Font Info:    Redeclaring math alphabet \mathbf on input line 115.
LaTeX Font Info:    Overwriting math alphabet `\mathbf' in version `normal'
(Font)                  OT1/cmr/bx/n --> T1/phv/bx/n on input line 115.
LaTeX Font Info:    Overwriting math alphabet `\mathbf' in version `bold'
(Font)                  OT1/cmr/bx/n --> T1/phv/bx/n on input line 115.
LaTeX Font Info:    Redeclaring math alphabet \mathsf on input line 115.
LaTeX Font Info:    Overwriting math alphabet `\mathsf' in version `normal'
(Font)                  OT1/cmss/m/n --> T1/phv/m/n on input line 115.
LaTeX Font Info:    Overwriting math alphabet `\mathsf' in version `bold'
(Font)                  OT1/cmss/bx/n --> T1/phv/m/n on input line 115.
LaTeX Font Info:    Redeclaring math alphabet \mathit on input line 115.
LaTeX Font Info:    Overwriting math alphabet `\mathit' in version `normal'
(Font)                  OT1/cmr/m/it --> T1/phv/m/it on input line 115.
LaTeX Font Info:    Overwriting math alphabet `\mathit' in version `bold'
(Font)                  OT1/cmr/bx/it --> T1/phv/m/it on input line 115.
LaTeX Font Info:    Redeclaring math alphabet \mathtt on input line 115.
LaTeX Font Info:    Overwriting math alphabet `\mathtt' in version `normal'
(Font)                  OT1/cmtt/m/n --> T1/pcr/m/n on input line 115.
LaTeX Font Info:    Overwriting math alphabet `\mathtt' in version `bold'
(Font)                  OT1/cmtt/m/n --> T1/pcr/m/n on input line 115.
LaTeX Font Info:    Overwriting symbol font `numbers' in version `bold'
(Font)                  T1/phv/m/n --> T1/phv/bx/n on input line 115.
LaTeX Font Info:    Overwriting symbol font `pureletters' in version `bold'
(Font)                  T1/phv/m/it --> T1/phv/bx/it on input line 115.
LaTeX Font Info:    Overwriting math alphabet `\mathrm' in version `bold'
(Font)                  OT1/cmss/bx/n --> T1/ptm/bx/n on input line 115.
LaTeX Font Info:    Overwriting math alphabet `\mathbf' in version `bold'
(Font)                  T1/phv/bx/n --> T1/phv/bx/n on input line 115.
LaTeX Font Info:    Overwriting math alphabet `\mathsf' in version `bold'
(Font)                  T1/phv/m/n --> T1/phv/bx/n on input line 115.
LaTeX Font Info:    Overwriting math alphabet `\mathit' in version `bold'
(Font)                  T1/phv/m/it --> T1/phv/bx/it on input line 115.
LaTeX Font Info:    Overwriting math alphabet `\mathtt' in version `bold'
(Font)                  T1/pcr/m/n --> T1/pcr/bx/n on input line 115.

(/usr/share/texmf/tex/latex/beamer/translator/dicts/translator-basic-dictionary
/translator-basic-dictionary-English.dict
Dictionary: translator-basic-dictionary, Language: English 
)
(/usr/share/texmf/tex/latex/beamer/translator/dicts/translator-bibliography-dic
tionary/translator-bibliography-dictionary-English.dict
Dictionary: translator-bibliography-dictionary, Language: English 
)
(/usr/share/texmf/tex/latex/beamer/translator/dicts/translator-environment-dict
ionary/translator-environment-dictionary-English.dict
Dictionary: translator-environment-dictionary, Language: English 
)
(/usr/share/texmf/tex/latex/beamer/translator/dicts/translator-months-dictionar
y/translator-months-dictionary-English.dict
Dictionary: translator-months-dictionary, Language: English 
)
(/usr/share/texmf/tex/latex/beamer/translator/dicts/translator-numbers-dictiona
ry/translator-numbers-dictionary-English.dict
Dictionary: translator-numbers-dictionary, Language: English 
)
(/usr/share/texmf/tex/latex/beamer/translator/dicts/translator-theorem-dictiona
ry/translator-theorem-dictionary-English.dict
Dictionary: translator-theorem-dictionary, Language: English 
)
LaTeX Info: Redefining \includegraphics on input line 115.
 (./R_Scholz_DoktSymp2017.nav)
[1

{/usr/share/texmf/fonts/map/pdftex/updmap/pdftex.map}]
LaTeX Font Info:    Try loading font information for U+msa on input line 183.

(/usr/share/texmf/tex/latex/amsfonts/umsa.fd
File: umsa.fd 2013/01/14 v3.01 AMS symbols A
)
LaTeX Font Info:    Try loading font information for U+msb on input line 183.

(/usr/share/texmf/tex/latex/amsfonts/umsb.fd
File: umsb.fd 2013/01/14 v3.01 AMS symbols B
)
LaTeX Font Info:    Font shape `T1/phv/m/it' in size <10> not available
(Font)              Font shape `T1/phv/m/sl' tried instead on input line 183.
LaTeX Font Info:    Font shape `T1/phv/m/it' in size <7> not available
(Font)              Font shape `T1/phv/m/sl' tried instead on input line 183.
LaTeX Font Info:    Font shape `T1/phv/m/it' in size <5> not available
(Font)              Font shape `T1/phv/m/sl' tried instead on input line 183.

<figures/ammonia.png, id=126, 490.08093pt x 380.17032pt>
File: figures/ammonia.png Graphic file (type png)

<use figures/ammonia.png>
Package pdftex.def Info: figures/ammonia.png used on input line 183.
(pdftex.def)             Requested size: 135.2088pt x 104.8807pt.
 <figures/autokat.jpg, id=127, 562.1pt x 374.39874pt>
File: figures/autokat.jpg Graphic file (type jpg)

<use figures/autokat.jpg>
Package pdftex.def Info: figures/autokat.jpg used on input line 183.
(pdftex.def)             Requested size: 85.52095pt x 56.96289pt.

Overfull \hbox (7.77505pt too wide) in paragraph at lines 183--183
 [] 
 []

<figures/schornsteine.jpg, id=128, 1710.39pt x 2312.64pt>
File: figures/schornsteine.jpg Graphic file (type jpg)

<use figures/schornsteine.jpg>
Package pdftex.def Info: figures/schornsteine.jpg used on input line 183.
(pdftex.def)             Requested size: 63.60948pt x 85.99684pt.
 [2

 <./figures/ammonia.png> <./figures/autokat.jpg> <./figures/schornsteine.jpg>]
LaTeX Font Info:    Font shape `T1/phv/m/it' in size <10.95> not available
(Font)              Font shape `T1/phv/m/sl' tried instead on input line 210.
LaTeX Font Info:    Font shape `T1/phv/m/it' in size <8> not available
(Font)              Font shape `T1/phv/m/sl' tried instead on input line 210.
LaTeX Font Info:    Font shape `T1/phv/m/it' in size <6> not available
(Font)              Font shape `T1/phv/m/sl' tried instead on input line 210.

<figures/katSchema.png, id=186, 501.875pt x 376.40625pt>
File: figures/katSchema.png Graphic file (type png)

<use figures/katSchema.png>
Package pdftex.def Info: figures/katSchema.png used on input line 210.
(pdftex.def)             Requested size: 110.6219pt x 82.96469pt.
 [3

 <./figures/katSchema.png>]
<figures/langmuir.jpg, id=233, 347.01645pt x 330.9966pt>
File: figures/langmuir.jpg Graphic file (type jpg)

<use figures/langmuir.jpg>
Package pdftex.def Info: figures/langmuir.jpg used on input line 247.
(pdftex.def)             Requested size: 130.59912pt x 124.5729pt.
 [4

 <./figures/langmuir.jpg>]
<figures/hgold.jpg, id=278, 308.352pt x 125.0271pt>
File: figures/hgold.jpg Graphic file (type jpg)
 <use figures/hgold.jpg>
Package pdftex.def Info: figures/hgold.jpg used on input line 272.
(pdftex.def)             Requested size: 307.28987pt x 124.59944pt.

[5

 <./figures/hgold.jpg>] <figures/elecFric.png, id=326, 1043.9pt x 702.625pt>
File: figures/elecFric.png Graphic file (type png)

<use figures/elecFric.png>
Package pdftex.def Info: figures/elecFric.png used on input line 306.
(pdftex.def)             Requested size: 129.06013pt x 86.86299pt.

Overfull \hbox (6.14607pt too wide) in paragraph at lines 306--306
 [] 
 []

[6

 <./figures/elecFric.png>] <figures/ps.png, id=373, 53.7207pt x 5.7816pt>
File: figures/ps.png Graphic file (type png)

<use figures/ps.png>
Package pdftex.def Info: figures/ps.png used on input line 355.
(pdftex.def)             Requested size: 92.1879pt x 9.9218pt.
 <figures/fs.png, id=374, 19.272pt x 33.9669pt>
File: figures/fs.png Graphic file (type png)

<use figures/fs.png>
Package pdftex.def Info: figures/fs.png used on input line 355.
(pdftex.def)             Requested size: 36.87459pt x 64.99956pt.
LaTeX Font Info:    Font shape `T1/phv/bx/n' in size <24.88> not available
(Font)              Font shape `T1/phv/b/n' tried instead on input line 355.
 [7

 <./figures/ps.png> <./figures/fs.png>]
LaTeX Font Info:    Font shape `T1/phv/bx/n' in size <10> not available
(Font)              Font shape `T1/phv/b/n' tried instead on input line 398.
LaTeX Font Info:    Try loading font information for T1+ptm on input line 398.

(/usr/share/texmf/tex/latex/psnfss/t1ptm.fd
File: t1ptm.fd 2001/06/04 font definitions for T1/ptm.
)
<figures/fermi.png, id=425, 467.44237pt x 376.67123pt>
File: figures/fermi.png Graphic file (type png)
 <use figures/fermi.png>
Package pdftex.def Info: figures/fermi.png used on input line 398.
(pdftex.def)             Requested size: 96.79733pt x 77.99976pt.

Overfull \hbox (3.47037pt too wide) in paragraph at lines 398--398
 | [] 
 []


LaTeX Warning: File `figures/TTM_1pulse.eps' not found on input line 398.

Package epstopdf Info: Source file: <figures/TTM_1pulse.eps>
(epstopdf)             Output file: <figures/TTM_1pulse-eps-converted-to.pdf>
(epstopdf)                    date: 2016-09-02 14:12:21
(epstopdf)                    size: 9845 bytes
(epstopdf)             Command: <repstopdf --outfile=figures/TTM_1pulse-eps-con
verted-to.pdf figures/TTM_1pulse.eps>
(epstopdf)             \includegraphics on input line 398.
Package epstopdf Info: Output file is already uptodate.
<figures/TTM_1pulse-eps-converted-to.pdf, id=426, 386.44376pt x 389.455pt>
File: figures/TTM_1pulse-eps-converted-to.pdf Graphic file (type pdf)

<use figures/TTM_1pulse-eps-converted-to.pdf>
Package pdftex.def Info: figures/TTM_1pulse-eps-converted-to.pdf used on input 
line 398.
(pdftex.def)             Requested size: 118.30931pt x 119.23225pt.

Overfull \hbox (10.75598pt too wide) in paragraph at lines 398--398
 [] 
 []

[8

 <./figures/fermi.png> <./figures/TTM_1pulse-eps-converted-to.pdf>]
<figures/germanSurfScheme.png, id=480, 242.8272pt x 65.043pt>
File: figures/germanSurfScheme.png Graphic file (type png)

<use figures/germanSurfScheme.png>
Package pdftex.def Info: figures/germanSurfScheme.png used on input line 425.
(pdftex.def)             Requested size: 291.92444pt x 78.19807pt.
LaTeX Font Info:    Font shape `T1/phv/bx/n' in size <10.95> not available
(Font)              Font shape `T1/phv/b/n' tried instead on input line 425.
 [9

 <./figures/germanSurfScheme.png>]
<figures/Traj_XYZTh.png, id=526, 827.9733pt x 551.9019pt>
File: figures/Traj_XYZTh.png Graphic file (type png)

<use figures/Traj_XYZTh.png>
Package pdftex.def Info: figures/Traj_XYZTh.png used on input line 434.
(pdftex.def)             Requested size: 307.28987pt x 204.82368pt.

Overfull \vbox (1.05435pt too high) detected at line 434
 []

[10

 <./figures/Traj_XYZTh.png>]
Package epstopdf Info: Source file: <figures/fig_3b.eps>
(epstopdf)                    date: 2017-04-19 10:30:15
(epstopdf)                    size: 15139 bytes
(epstopdf)             Output file: <figures/fig_3b-eps-converted-to.pdf>
(epstopdf)                    date: 2017-04-19 10:30:15
(epstopdf)                    size: 8411 bytes
(epstopdf)             Command: <repstopdf --outfile=figures/fig_3b-eps-convert
ed-to.pdf figures/fig_3b.eps>
(epstopdf)             \includegraphics on input line 465.
Package epstopdf Info: Output file is already uptodate.

<figures/fig_3b-eps-converted-to.pdf, id=572, 383.4325pt x 258.9675pt>
File: figures/fig_3b-eps-converted-to.pdf Graphic file (type pdf)

<use figures/fig_3b-eps-converted-to.pdf>
Package pdftex.def Info: figures/fig_3b-eps-converted-to.pdf used on input line
 465.
(pdftex.def)             Requested size: 199.73653pt x 134.90096pt.

<figures/TPD.png, id=573, 425.59pt x 444.66125pt>
File: figures/TPD.png Graphic file (type png)
 <use figures/TPD.png>
Package pdftex.def Info: figures/TPD.png used on input line 465.
(pdftex.def)             Requested size: 110.62518pt x 115.58205pt.

Overfull \hbox (18.43729pt too wide) in paragraph at lines 465--465
 [] 
 []


Overfull \vbox (0.85373pt too high) detected at line 465
 []

[11

 <./figures/fig_3b-eps-converted-to.pdf> <./figures/TPD.png (PNG copy)>]
<figures/Pdes_vs_Fluence.pdf, id=624, 473.77pt x 354.32375pt>
File: figures/Pdes_vs_Fluence.pdf Graphic file (type pdf)

<use figures/Pdes_vs_Fluence.pdf>
Package pdftex.def Info: figures/Pdes_vs_Fluence.pdf used on input line 484.
(pdftex.def)             Requested size: 169.01036pt x 126.39944pt.
 [12

 <./figures/Pdes_vs_Fluence.pdf>]
<figures/movie.png, id=674, 256.0767pt x 43.8438pt>
File: figures/movie.png Graphic file (type png)
 <use figures/movie.png>
Package pdftex.def Info: figures/movie.png used on input line 511.
(pdftex.def)             Requested size: 338.02072pt x 57.87663pt.

Overfull \hbox (13.65903pt too wide) in paragraph at lines 511--511
[]| [][][]  
 []

<figures/PES_XYview.pdf, id=675, 244.61388pt x 170.6375pt>
File: figures/PES_XYview.pdf Graphic file (type pdf)

<use figures/PES_XYview.pdf>
Package pdftex.def Info: figures/PES_XYview.pdf used on input line 511.
(pdftex.def)             Requested size: 138.2795pt x 96.45982pt.
 [13

 <./figures/movie.png> <./figures/PES_XYview.pdf>] [14

] <figures/saalfrank_picture.jpg, id=813, 397.485pt x 507.8975pt>
File: figures/saalfrank_picture.jpg Graphic file (type jpg)

<use figures/saalfrank_picture.jpg>
Package pdftex.def Info: figures/saalfrank_picture.jpg used on input line 562.
(pdftex.def)             Requested size: 49.1658pt x 62.82054pt.
 [15

 <./figures/saalfrank_picture.jpg>]
<figures/6dimScheme.png, id=859, 284.6097pt x 207.12433pt>
File: figures/6dimScheme.png Graphic file (type png)

<use figures/6dimScheme.png>
Package pdftex.def Info: figures/6dimScheme.png used on input line 590.
(pdftex.def)             Requested size: 122.9164pt x 89.45361pt.
File: figures/PES_XYview.pdf Graphic file (type pdf)
 <use figures/PES_XYview.pdf>
Package pdftex.def Info: figures/PES_XYview.pdf used on input line 590.
(pdftex.def)             Requested size: 122.9164pt x 85.74294pt.
LaTeX Font Info:    Font shape `T1/phv/m/it' in size <9> not available
(Font)              Font shape `T1/phv/m/sl' tried instead on input line 590.
LaTeX Font Info:    Font shape `T1/phv/m/it' in size <17.28> not available
(Font)              Font shape `T1/phv/m/sl' tried instead on input line 590.
LaTeX Font Info:    Font shape `T1/phv/m/it' in size <12> not available
(Font)              Font shape `T1/phv/m/sl' tried instead on input line 590.
LaTeX Font Info:    Font shape `T1/phv/bx/n' in size <12> not available
(Font)              Font shape `T1/phv/b/n' tried instead on input line 590.
 [16

 <./figures/6dimScheme.png>] <figures/scienceXray.png, id=909, 662.475pt x 336.
50719pt>
File: figures/scienceXray.png Graphic file (type png)

<use figures/scienceXray.png>
Package pdftex.def Info: figures/scienceXray.png used on input line 633.
(pdftex.def)             Requested size: 169.01035pt x 85.8467pt.

Overfull \hbox (15.36542pt too wide) in paragraph at lines 633--633
 [] 
 []

<figures/XrayIntOverTime.png, id=910, 669.2503pt x 447.17062pt>
File: figures/XrayIntOverTime.png Graphic file (type png)

<use figures/XrayIntOverTime.png>
Package pdftex.def Info: figures/XrayIntOverTime.png used on input line 633.
(pdftex.def)             Requested size: 169.01035pt x 112.92503pt.

Overfull \hbox (15.36542pt too wide) in paragraph at lines 633--633
[]  
 []

[17

 <./figures/scienceXray.png> <./figures/XrayIntOverTime.png>]
<figures/PES_samplepoints.pdf, id=954, 252.945pt x 412.54124pt>
File: figures/PES_samplepoints.pdf Graphic file (type pdf)

<use figures/PES_samplepoints.pdf>
Package pdftex.def Info: figures/PES_samplepoints.pdf used on input line 672.
(pdftex.def)             Requested size: 59.9192pt x 97.72147pt.

Overfull \hbox (8.13715pt too wide) in paragraph at lines 672--672
 | [] 
 []

File: figures/PES_XYview.pdf Graphic file (type pdf)
<use figures/PES_XYview.pdf>
Package pdftex.def Info: figures/PES_XYview.pdf used on input line 672.
(pdftex.def)             Requested size: 101.40622pt x 70.73772pt.

Overfull \vbox (16.60825pt too high) detected at line 672
 []

[18

 <./figures/PES_samplepoints.pdf>]
<figures/Part1SurfScheme.png, id=998, 90.8193pt x 59.7432pt>
File: figures/Part1SurfScheme.png Graphic file (type png)

<use figures/Part1SurfScheme.png>
Package pdftex.def Info: figures/Part1SurfScheme.png used on input line 703.
(pdftex.def)             Requested size: 92.1879pt x 60.64734pt.
File: figures/TTM_1pulse-eps-converted-to.pdf Graphic file (type pdf)

<use figures/TTM_1pulse-eps-converted-to.pdf>
Package pdftex.def Info: figures/TTM_1pulse-eps-converted-to.pdf used on input 
line 703.
(pdftex.def)             Requested size: 92.1879pt x 92.90656pt.

<figures/2TM_equs.png, id=999, 737.60103pt x 243.63185pt>
File: figures/2TM_equs.png Graphic file (type png)

<use figures/2TM_equs.png>
Package pdftex.def Info: figures/2TM_equs.png used on input line 703.
(pdftex.def)             Requested size: 245.83282pt x 81.19801pt.
 [19

 <./figures/Part1SurfScheme.png> <./figures/2TM_equs.png>]

Package hyperref Warning: Difference (2) between bookmark levels is greater 
(hyperref)                than one, level fixed on input line 705.

<figures/scheme_nonadiab.png, id=1040, 736.25063pt x 514.17094pt>
File: figures/scheme_nonadiab.png Graphic file (type png)

<use figures/scheme_nonadiab.png>
Package pdftex.def Info: figures/scheme_nonadiab.png used on input line 718.
(pdftex.def)             Requested size: 184.3758pt x 128.7621pt.
 [20

 <./figures/scheme_nonadiab.png>]
<figures/Part2SurfScheme.png, id=1079, 90.8193pt x 59.7432pt>
File: figures/Part2SurfScheme.png Graphic file (type png)

<use figures/Part2SurfScheme.png>
Package pdftex.def Info: figures/Part2SurfScheme.png used on input line 752.
(pdftex.def)             Requested size: 92.1879pt x 60.64734pt.

<figures/Langevin_eq.png, id=1080, 888.8465pt x 162.42123pt>
File: figures/Langevin_eq.png Graphic file (type png)

<use figures/Langevin_eq.png>
Package pdftex.def Info: figures/Langevin_eq.png used on input line 752.
(pdftex.def)             Requested size: 245.83282pt x 44.92pt.

Overfull \vbox (1.9186pt too high) detected at line 752
 []

[21

 <./figures/Part2SurfScheme.png> <./figures/Langevin_eq.png>]
<figures/GLO_eq1.png, id=1121, 985.6825pt x 227.85126pt>
File: figures/GLO_eq1.png Graphic file (type png)

<use figures/GLO_eq1.png>
Package pdftex.def Info: figures/GLO_eq1.png used on input line 775.
(pdftex.def)             Requested size: 199.73886pt x 46.17091pt.

Overfull \hbox (102.99956pt too wide) in paragraph at lines 775--775
 | [] 
 []

<figures/Part3SurfScheme.png, id=1122, 90.8193pt x 59.7432pt>
File: figures/Part3SurfScheme.png Graphic file (type png)

<use figures/Part3SurfScheme.png>
Package pdftex.def Info: figures/Part3SurfScheme.png used on input line 775.
(pdftex.def)             Requested size: 99.86943pt x 65.70128pt.

Overfull \hbox (3.13013pt too wide) in paragraph at lines 775--775
 | [] 
 []

<figures/GLO_eq2.png, id=1123, 903.375pt x 245.91875pt>
File: figures/GLO_eq2.png Graphic file (type png)

<use figures/GLO_eq2.png>
Package pdftex.def Info: figures/GLO_eq2.png used on input line 775.
(pdftex.def)             Requested size: 184.37344pt x 50.18852pt.

Overfull \hbox (87.63414pt too wide) in paragraph at lines 775--775
 | [] 
 []

<figures/GLO.png, id=1124, 1005.56477pt x 928.09134pt>
File: figures/GLO.png Graphic file (type png)
 <use figures/GLO.png>
Package pdftex.def Info: figures/GLO.png used on input line 775.
(pdftex.def)             Requested size: 250.74518pt x 231.42747pt.

Overfull \hbox (21.87349pt too wide) in paragraph at lines 775--775
[]| []  
 []

[22

 <./figures/GLO_eq1.png> <./figures/Part3SurfScheme.png> <./figures/GLO_eq2.png
> <./figures/GLO.png>]
<figures/SummSurfScheme.png, id=1155, 241.8636pt x 63.5976pt>
File: figures/SummSurfScheme.png Graphic file (type png)

<use figures/SummSurfScheme.png>
Package pdftex.def Info: figures/SummSurfScheme.png used on input line 781.
(pdftex.def)             Requested size: 353.38147pt x 92.92836pt.

Overfull \hbox (21.90659pt too wide) in paragraph at lines 781--781
 | [] 
 []

[23

 <./figures/SummSurfScheme.png (PNG copy)>]
<figures/ZundTheta.pdf, id=1194, 244.61388pt x 199.144pt>
File: figures/ZundTheta.pdf Graphic file (type pdf)

<use figures/ZundTheta.pdf>
Package pdftex.def Info: figures/ZundTheta.pdf used on input line 788.
(pdftex.def)             Requested size: 276.559pt x 225.16681pt.
LaTeX Font Info:    Font shape `T1/phv/m/it' in size <14.4> not available
(Font)              Font shape `T1/phv/m/sl' tried instead on input line 788.

Overfull \vbox (10.01656pt too high) detected at line 788
 []

[24

 <./figures/ZundTheta.pdf>]
<figures/NurZ.png, id=1272, 149.16528pt x 104.93604pt>
File: figures/NurZ.png Graphic file (type png)
 <use figures/NurZ.png>
Package pdftex.def Info: figures/NurZ.png used on input line 801.
(pdftex.def)             Requested size: 184.3758pt x 129.7126pt.

<figures/GernotPMF.pdf, id=1273, 368.37625pt x 351.3125pt>
File: figures/GernotPMF.pdf Graphic file (type pdf)

<use figures/GernotPMF.pdf>
Package pdftex.def Info: figures/GernotPMF.pdf used on input line 801.
(pdftex.def)             Requested size: 122.91406pt x 117.22002pt.
 [25

 <./figures/NurZ.png> <./figures/GernotPMF.pdf>] <figures/sciencePMF.png, id=13
19, 642.90187pt x 511.15968pt>
File: figures/sciencePMF.png Graphic file (type png)

<use figures/sciencePMF.png>
Package pdftex.def Info: figures/sciencePMF.png used on input line 820.
(pdftex.def)             Requested size: 153.64493pt x 122.15825pt.

<figures/PMF_Supp.pdf, id=1320, 244.61388pt x 187.70125pt>
File: figures/PMF_Supp.pdf Graphic file (type pdf)

<use figures/PMF_Supp.pdf>
Package pdftex.def Info: figures/PMF_Supp.pdf used on input line 820.
(pdftex.def)             Requested size: 153.64493pt x 117.89726pt.
 [26

 <./figures/sciencePMF.png> <./figures/PMF_Supp.pdf>] <figures/XYoverTime.png, 
id=1378, 571.05345pt x 162.96886pt>
File: figures/XYoverTime.png Graphic file (type png)

<use figures/XYoverTime.png>
Package pdftex.def Info: figures/XYoverTime.png used on input line 848.
(pdftex.def)             Requested size: 338.02072pt x 96.46658pt.

Overfull \hbox (13.65903pt too wide) in paragraph at lines 848--848
[]| [][][]  
 []

File: figures/PES_XYview.pdf Graphic file (type pdf)
<use figures/PES_XYview.pdf>
Package pdftex.def Info: figures/PES_XYview.pdf used on input line 848.
(pdftex.def)             Requested size: 122.91406pt x 85.74294pt.
 [27

 <./figures/XYoverTime.png (PNG copy)>]
File: figures/scienceXray.png Graphic file (type png)

<use figures/scienceXray.png>
Package pdftex.def Info: figures/scienceXray.png used on input line 873.
(pdftex.def)             Requested size: 215.10196pt x 109.26083pt.

<figures/PartiPeak.png, id=1416, 407.5225pt x 677.53125pt>
File: figures/PartiPeak.png Graphic file (type png)

<use figures/PartiPeak.png>
Package pdftex.def Info: figures/PartiPeak.png used on input line 873.
(pdftex.def)             Requested size: 61.45703pt x 102.17322pt.

Overfull \vbox (23.11826pt too high) detected at line 873
 []

[28

 <./figures/PartiPeak.png (PNG copy)>]
File: figures/SummSurfScheme.png Graphic file (type png)
 <use figures/SummSurfScheme.png>
Package pdftex.def Info: figures/SummSurfScheme.png used on input line 898.
(pdftex.def)             Requested size: 261.19826pt x 68.6863pt.

[29

] [30

]
\tf@nav=\write6
\openout6 = `R_Scholz_DoktSymp2017.nav'.

\tf@toc=\write7
\openout7 = `R_Scholz_DoktSymp2017.toc'.

\tf@snm=\write8
\openout8 = `R_Scholz_DoktSymp2017.snm'.

Package atveryend Info: Empty hook `BeforeClearDocument' on input line 937.
Package atveryend Info: Empty hook `AfterLastShipout' on input line 937.
 (./R_Scholz_DoktSymp2017.aux)
Package atveryend Info: Executing hook `AtVeryEndDocument' on input line 937.
Package atveryend Info: Executing hook `AtEndAfterFileList' on input line 937.
Package rerunfilecheck Info: File `R_Scholz_DoktSymp2017.out' has not changed.
(rerunfilecheck)             Checksum: 581DD7A03E8E29CFFA9EAB287B707D3A;673.
Package atveryend Info: Empty hook `AtVeryVeryEnd' on input line 937.
 ) 
Here is how much of TeX's memory you used:
 17957 strings out of 493091
 335703 string characters out of 6142991
 428684 words of memory out of 5000000
 20867 multiletter control sequences out of 15000+600000
 103994 words of font info for 126 fonts, out of 8000000 for 9000
 1141 hyphenation exceptions out of 8191
 48i,20n,57p,401b,1054s stack positions out of 5000i,500n,10000p,200000b,80000s
{/usr/share/texmf/fonts/enc/dvips/base/8r.enc}</usr/share/texmf/fonts/type1/p
ublic/amsfonts/cm/cmmi10.pfb></usr/share/texmf/fonts/type1/public/amsfonts/cm/c
mmi12.pfb></usr/share/texmf/fonts/type1/public/amsfonts/cm/cmmi6.pfb></usr/shar
e/texmf/fonts/type1/public/amsfonts/cm/cmmi8.pfb></usr/share/texmf/fonts/type1/
public/amsfonts/cm/cmmi9.pfb></usr/share/texmf/fonts/type1/public/amsfonts/cm/c
mr10.pfb></usr/share/texmf/fonts/type1/public/amsfonts/cm/cmr9.pfb></usr/share/
texmf/fonts/type1/public/amsfonts/cm/cmss10.pfb></usr/share/texmf/fonts/type1/p
ublic/amsfonts/cm/cmss9.pfb></usr/share/texmf/fonts/type1/public/amsfonts/cm/cm
sy10.pfb></usr/share/texmf/fonts/type1/public/amsfonts/cm/cmsy6.pfb></usr/share
/texmf/fonts/type1/public/amsfonts/cm/cmsy7.pfb></usr/share/texmf/fonts/type1/p
ublic/amsfonts/cm/cmsy8.pfb></usr/share/texmf/fonts/type1/public/amsfonts/cm/cm
sy9.pfb></usr/share/texmf/fonts/type1/urw/helvetic/uhvb8a.pfb></usr/share/texmf
/fonts/type1/urw/helvetic/uhvr8a.pfb></usr/share/texmf/fonts/type1/urw/helvetic
/uhvro8a.pfb></usr/share/texmf/fonts/type1/urw/times/utmr8a.pfb>
Output written on R_Scholz_DoktSymp2017.pdf (30 pages, 10668007 bytes).
PDF statistics:
 1597 PDF objects out of 1728 (max. 8388607)
 1400 compressed objects within 14 object streams
 72 named destinations out of 1000 (max. 500000)
 385 words of extra memory for PDF output out of 10000 (max. 10000000)

